<?xml version="1.0" encoding="UTF-8" standalone="yes"?><!DOCTYPE report PUBLIC "-//JACOCO//DTD Report 1.1//EN" "report.dtd"><report name="parking-system"><sessioninfo id="starbanjo-junejournal-cb9f1516" start="1674207579890" dump="1674207580712"/><sessioninfo id="underfast-hydroaztec-97edb6be" start="1675771328048" dump="1675771330061"/><sessioninfo id="underfast-hydroaztec-c0203282" start="1675771746875" dump="1675771748837"/><sessioninfo id="underfast-hydroaztec-c228bac" start="1675771754654" dump="1675771757976"/><sessioninfo id="sportmanager-anagrampattern-97e37d94" start="1675796175644" dump="1675796180247"/><sessioninfo id="sportmanager-anagrampattern-ad9f9506" start="1675796192501" dump="1675796199478"/><sessioninfo id="canarycupid-ambientanagram-ee77aac" start="1680620511656" dump="1680620518080"/><sessioninfo id="canarycupid-ambientanagram-12e8150e" start="1680621090421" dump="1680621093893"/><sessioninfo id="canarycupid-ambientanagram-56649d42" start="1680621410581" dump="1680621411899"/><sessioninfo id="canarycupid-ambientanagram-8e20a258" start="1680626915904" dump="1680626916875"/><sessioninfo id="canarycupid-ambientanagram-10592a28" start="1680627004000" dump="1680627007348"/><sessioninfo id="canarycupid-ambientanagram-d4530dd2" start="1680627500573" dump="1680627503954"/><sessioninfo id="canarycupid-ambientanagram-5775ab29" start="1680627752872" dump="1680627756416"/><sessioninfo id="canarycupid-ambientanagram-7d301a36" start="1680627768491" dump="1680627770055"/><sessioninfo id="canarycupid-ambientanagram-f4d99cae" start="1680627865422" dump="1680627868082"/><sessioninfo id="canarycupid-ambientanagram-c7315987" start="1680627895694" dump="1680627898373"/><sessioninfo id="canarycupid-ambientanagram-5cc4f8ed" start="1680627954287" dump="1680627963646"/><sessioninfo id="canarycupid-ambientanagram-7c2576bb" start="1680627973082" dump="1680627974012"/><sessioninfo id="canarycupid-ambientanagram-2e382dfb" start="1680628032852" dump="1680628033989"/><sessioninfo id="canarycupid-ambientanagram-d4b7af07" start="1680628070215" dump="1680628072647"/><sessioninfo id="canarycupid-ambientanagram-447a31b9" start="1680628101497" dump="1680628108110"/><sessioninfo id="canarycupid-ambientanagram-490e551" start="1680628280893" dump="1680628286202"/><sessioninfo id="canarycupid-ambientanagram-5450a1f1" start="1680628323022" dump="1680628324599"/><sessioninfo id="canarycupid-ambientanagram-8333175b" start="1680628427515" dump="1680628430348"/><sessioninfo id="canarycupid-ambientanagram-c6a7536" start="1680628465032" dump="1680628467644"/><sessioninfo id="canarycupid-ambientanagram-8624a3dc" start="1680628570618" dump="1680628573028"/><sessioninfo id="canarycupid-ambientanagram-f5b853fe" start="1680628722815" dump="1680628725921"/><sessioninfo id="canarycupid-ambientanagram-a3a01c5d" start="1680628928570" dump="1680628931123"/><sessioninfo id="canarycupid-ambientanagram-56ef7429" start="1680628945122" dump="1680628945968"/><sessioninfo id="canarycupid-ambientanagram-eeb6ff93" start="1680629024610" dump="1680629025961"/><sessioninfo id="canarycupid-ambientanagram-4ddca6be" start="1680629036400" dump="1680629039957"/><sessioninfo id="canarycupid-ambientanagram-ffcd2c37" start="1680629060950" dump="1680629066220"/><sessioninfo id="canarycupid-ambientanagram-50fbbb28" start="1680629110401" dump="1680629112919"/><sessioninfo id="canarycupid-ambientanagram-adcbc795" start="1680686738693" dump="1680686740839"/><sessioninfo id="canarycupid-ambientanagram-afe68c41" start="1680686783064" dump="1680686785201"/><sessioninfo id="canarycupid-ambientanagram-75b9a5e6" start="1680687299973" dump="1680687303860"/><sessioninfo id="canarycupid-ambientanagram-f688e0c7" start="1680687604346" dump="1680687606746"/><sessioninfo id="canarycupid-ambientanagram-1018702d" start="1680687665335" dump="1680687667569"/><sessioninfo id="canarycupid-ambientanagram-a792a8b7" start="1680688635860" dump="1680688638697"/><sessioninfo id="canarycupid-ambientanagram-93ff1751" start="1680688760109" dump="1680688763227"/><sessioninfo id="canarycupid-ambientanagram-9e19505d" start="1680688790043" dump="1680688793361"/><sessioninfo id="canarycupid-ambientanagram-5994a274" start="1680689275901" dump="1680689279206"/><sessioninfo id="canarycupid-ambientanagram-2f5f22d" start="1680689300465" dump="1680689304811"/><sessioninfo id="canarycupid-ambientanagram-239e74b7" start="1680689358258" dump="1680689360579"/><sessioninfo id="canarycupid-ambientanagram-97fe1b62" start="1680689406833" dump="1680689409372"/><sessioninfo id="canarycupid-ambientanagram-f576f914" start="1680689441767" dump="1680689444515"/><sessioninfo id="canarycupid-ambientanagram-ec8962cc" start="1680689492391" dump="1680689495461"/><sessioninfo id="canarycupid-ambientanagram-bdfd58f2" start="1680689512658" dump="1680689515578"/><sessioninfo id="canarycupid-ambientanagram-f898ddc4" start="1680689530577" dump="1680689532862"/><sessioninfo id="canarycupid-ambientanagram-31f2af2c" start="1680689713300" dump="1680689715458"/><sessioninfo id="canarycupid-ambientanagram-232b06e5" start="1680689843688" dump="1680689846778"/><sessioninfo id="canarycupid-ambientanagram-d5afb7a8" start="1680689870641" dump="1680689873071"/><sessioninfo id="canarycupid-ambientanagram-bbb9b153" start="1680689895522" dump="1680689898428"/><sessioninfo id="canarycupid-ambientanagram-fe76be43" start="1680690110554" dump="1680690113132"/><sessioninfo id="canarycupid-ambientanagram-aad696ac" start="1680774442629" dump="1680774445098"/><sessioninfo id="canarycupid-ambientanagram-56427c46" start="1680776105624" dump="1680776113634"/><sessioninfo id="canarycupid-ambientanagram-404debc6" start="1680799830630" dump="1680799834737"/><sessioninfo id="canarycupid-ambientanagram-5704ea54" start="1680800020429" dump="1680800022967"/><sessioninfo id="canarycupid-ambientanagram-2e6bd3f5" start="1680800104149" dump="1680800107774"/><sessioninfo id="canarycupid-ambientanagram-a39a59de" start="1680800133912" dump="1680800137590"/><sessioninfo id="canarycupid-ambientanagram-1955fd13" start="1681154921906" dump="1681154925599"/><sessioninfo id="canarycupid-ambientanagram-ce53aace" start="1681155258062" dump="1681155263072"/><sessioninfo id="canarycupid-ambientanagram-82c067f5" start="1681155274063" dump="1681155284173"/><package name="com/parkit/parkingsystem/service"><class name="com/parkit/parkingsystem/service/FareCalculatorService" sourcefilename="FareCalculatorService.java"><method name="&lt;init&gt;" desc="()V" line="7"><counter type="INSTRUCTION" missed="0" covered="3"/><counter type="LINE" missed="0" covered="1"/><counter type="COMPLEXITY" missed="0" covered="1"/><counter type="METHOD" missed="0" covered="1"/></method><method name="calculateFare" desc="(Lcom/parkit/parkingsystem/model/Ticket;)V" line="10"><counter type="INSTRUCTION" missed="0" covered="5"/><counter type="LINE" missed="0" covered="2"/><counter type="COMPLEXITY" missed="0" covered="1"/><counter type="METHOD" missed="0" covered="1"/></method><method name="calculateFare" desc="(Lcom/parkit/parkingsystem/model/Ticket;Z)V" line="14"><counter type="INSTRUCTION" missed="5" covered="78"/><counter type="BRANCH" missed="2" covered="9"/><counter type="LINE" missed="1" covered="16"/><counter type="COMPLEXITY" missed="2" covered="5"/><counter type="METHOD" missed="0" covered="1"/></method><counter type="INSTRUCTION" missed="5" covered="86"/><counter type="BRANCH" missed="2" covered="9"/><counter type="LINE" missed="1" covered="19"/><counter type="COMPLEXITY" missed="2" covered="7"/><counter type="METHOD" missed="0" covered="3"/><counter type="CLASS" missed="0" covered="1"/></class><class name="com/parkit/parkingsystem/service/ParkingService" sourcefilename="ParkingService.java"><method name="&lt;init&gt;" desc="(Lcom/parkit/parkingsystem/util/InputReaderUtil;Lcom/parkit/parkingsystem/dao/ParkingSpotDAO;Lcom/parkit/parkingsystem/dao/TicketDAO;)V" line="24"><counter type="INSTRUCTION" missed="0" covered="12"/><counter type="LINE" missed="0" covered="5"/><counter type="COMPLEXITY" missed="0" covered="1"/><counter type="METHOD" missed="0" covered="1"/></method><method name="processIncomingVehicle" desc="()V" line="32"><counter type="INSTRUCTION" missed="8" covered="69"/><counter type="BRANCH" missed="3" covered="3"/><counter type="LINE" missed="3" covered="20"/><counter type="COMPLEXITY" missed="3" covered="1"/><counter type="METHOD" missed="0" covered="1"/></method><method name="getVehichleRegNumber" desc="()Ljava/lang/String;" line="61"><counter type="INSTRUCTION" missed="0" covered="7"/><counter type="LINE" missed="0" covered="2"/><counter type="COMPLEXITY" missed="0" covered="1"/><counter type="METHOD" missed="0" covered="1"/></method><method name="getNextParkingNumberIfAvailable" desc="()Lcom/parkit/parkingsystem/model/ParkingSpot;" line="66"><counter type="INSTRUCTION" missed="16" covered="25"/><counter type="BRANCH" missed="1" covered="1"/><counter type="LINE" missed="5" covered="8"/><counter type="COMPLEXITY" missed="1" covered="1"/><counter type="METHOD" missed="0" covered="1"/></method><method name="getVehichleType" desc="()Lcom/parkit/parkingsystem/constants/ParkingType;" line="85"><counter type="INSTRUCTION" missed="10" covered="17"/><counter type="BRANCH" missed="2" covered="1"/><counter type="LINE" missed="3" covered="6"/><counter type="COMPLEXITY" missed="2" covered="1"/><counter type="METHOD" missed="0" covered="1"/></method><method name="processExitingVehicle" desc="()V" line="105"><counter type="INSTRUCTION" missed="3" covered="63"/><counter type="BRANCH" missed="1" covered="3"/><counter type="LINE" missed="1" covered="17"/><counter type="COMPLEXITY" missed="1" covered="2"/><counter type="METHOD" missed="0" covered="1"/></method><method name="&lt;clinit&gt;" desc="()V" line="16"><counter type="INSTRUCTION" missed="0" covered="8"/><counter type="LINE" missed="0" covered="2"/><counter type="COMPLEXITY" missed="0" covered="1"/><counter type="METHOD" missed="0" covered="1"/></method><counter type="INSTRUCTION" missed="37" covered="201"/><counter type="BRANCH" missed="7" covered="8"/><counter type="LINE" missed="12" covered="60"/><counter type="COMPLEXITY" missed="7" covered="8"/><counter type="METHOD" missed="0" covered="7"/><counter type="CLASS" missed="0" covered="1"/></class><class name="com/parkit/parkingsystem/service/InteractiveShell" sourcefilename="InteractiveShell.java"><method name="&lt;init&gt;" desc="()V" line="9"><counter type="INSTRUCTION" missed="3" covered="0"/><counter type="LINE" missed="1" covered="0"/><counter type="COMPLEXITY" missed="1" covered="0"/><counter type="METHOD" missed="1" covered="0"/></method><method name="loadInterface" desc="()V" line="14"><counter type="INSTRUCTION" missed="52" covered="0"/><counter type="BRANCH" missed="6" covered="0"/><counter type="LINE" missed="21" covered="0"/><counter type="COMPLEXITY" missed="5" covered="0"/><counter type="METHOD" missed="1" covered="0"/></method><method name="loadMenu" desc="()V" line="46"><counter type="INSTRUCTION" missed="13" covered="0"/><counter type="LINE" missed="5" covered="0"/><counter type="COMPLEXITY" missed="1" covered="0"/><counter type="METHOD" missed="1" covered="0"/></method><method name="&lt;clinit&gt;" desc="()V" line="11"><counter type="INSTRUCTION" missed="4" covered="0"/><counter type="LINE" missed="1" covered="0"/><counter type="COMPLEXITY" missed="1" covered="0"/><counter type="METHOD" missed="1" covered="0"/></method><counter type="INSTRUCTION" missed="72" covered="0"/><counter type="BRANCH" missed="6" covered="0"/><counter type="LINE" missed="28" covered="0"/><counter type="COMPLEXITY" missed="8" covered="0"/><counter type="METHOD" missed="4" covered="0"/><counter type="CLASS" missed="1" covered="0"/></class><sourcefile name="ParkingService.java"><line nr="16" mi="0" ci="3" mb="0" cb="0"/><line nr="18" mi="0" ci="5" mb="0" cb="0"/><line nr="24" mi="0" ci="2" mb="0" cb="0"/><line nr="25" mi="0" ci="3" mb="0" cb="0"/><line nr="26" mi="0" ci="3" mb="0" cb="0"/><line nr="27" mi="0" ci="3" mb="0" cb="0"/><line nr="28" mi="0" ci="1" mb="0" cb="0"/><line nr="32" mi="0" ci="3" mb="0" cb="0"/><line nr="33" mi="0" ci="5" mb="2" cb="2"/><line nr="34" mi="0" ci="3" mb="0" cb="0"/><line nr="35" mi="0" ci="5" mb="0" cb="0"/><line nr="36" mi="0" ci="3" mb="0" cb="0"/><line nr="37" mi="0" ci="5" mb="0" cb="0"/><line nr="38" mi="0" ci="2" mb="1" cb="1"/><line nr="39" mi="3" ci="0" mb="0" cb="0"/><line nr="41" mi="0" ci="4" mb="0" cb="0"/><line nr="42" mi="0" ci="4" mb="0" cb="0"/><line nr="45" mi="0" ci="3" mb="0" cb="0"/><line nr="46" mi="0" ci="3" mb="0" cb="0"/><line nr="47" mi="0" ci="3" mb="0" cb="0"/><line nr="48" mi="0" ci="3" mb="0" cb="0"/><line nr="49" mi="0" ci="3" mb="0" cb="0"/><line nr="50" mi="0" ci="5" mb="0" cb="0"/><line nr="51" mi="0" ci="3" mb="0" cb="0"/><line nr="52" mi="0" ci="5" mb="0" cb="0"/><line nr="53" mi="0" ci="5" mb="0" cb="0"/><line nr="55" mi="1" ci="0" mb="0" cb="0"/><line nr="56" mi="4" ci="0" mb="0" cb="0"/><line nr="57" mi="0" ci="1" mb="0" cb="0"/><line nr="58" mi="0" ci="1" mb="0" cb="0"/><line nr="61" mi="0" ci="3" mb="0" cb="0"/><line nr="62" mi="0" ci="4" mb="0" cb="0"/><line nr="66" mi="0" ci="2" mb="0" cb="0"/><line nr="67" mi="0" ci="2" mb="0" cb="0"/><line nr="69" mi="0" ci="3" mb="0" cb="0"/><line nr="70" mi="0" ci="5" mb="0" cb="0"/><line nr="71" mi="0" ci="2" mb="1" cb="1"/><line nr="72" mi="0" ci="8" mb="0" cb="0"/><line nr="74" mi="5" ci="0" mb="0" cb="0"/><line nr="76" mi="1" ci="0" mb="0" cb="0"/><line nr="77" mi="4" ci="0" mb="0" cb="0"/><line nr="78" mi="1" ci="0" mb="0" cb="0"/><line nr="79" mi="4" ci="0" mb="0" cb="0"/><line nr="80" mi="1" ci="1" mb="0" cb="0"/><line nr="81" mi="0" ci="2" mb="0" cb="0"/><line nr="85" mi="0" ci="3" mb="0" cb="0"/><line nr="86" mi="0" ci="3" mb="0" cb="0"/><line nr="87" mi="0" ci="3" mb="0" cb="0"/><line nr="88" mi="0" ci="4" mb="0" cb="0"/><line nr="89" mi="0" ci="2" mb="2" cb="1"/><line nr="91" mi="0" ci="2" mb="0" cb="0"/><line nr="94" mi="2" ci="0" mb="0" cb="0"/><line nr="97" mi="3" ci="0" mb="0" cb="0"/><line nr="98" mi="5" ci="0" mb="0" cb="0"/><line nr="105" mi="0" ci="3" mb="0" cb="0"/><line nr="106" mi="0" ci="5" mb="0" cb="0"/><line nr="107" mi="0" ci="5" mb="0" cb="0"/><line nr="108" mi="0" ci="4" mb="0" cb="0"/><line nr="109" mi="0" ci="3" mb="0" cb="0"/><line nr="111" mi="0" ci="8" mb="0" cb="2"/><line nr="113" mi="0" ci="5" mb="1" cb="1"/><line nr="114" mi="0" ci="3" mb="0" cb="0"/><line nr="115" mi="0" ci="3" mb="0" cb="0"/><line nr="116" mi="0" ci="5" mb="0" cb="0"/><line nr="117" mi="0" ci="5" mb="0" cb="0"/><line nr="118" mi="0" ci="6" mb="0" cb="0"/><line nr="119" mi="0" ci="1" mb="0" cb="0"/><line nr="120" mi="3" ci="0" mb="0" cb="0"/><line nr="122" mi="0" ci="1" mb="0" cb="0"/><line nr="123" mi="0" ci="4" mb="0" cb="0"/><line nr="124" mi="0" ci="1" mb="0" cb="0"/><line nr="125" mi="0" ci="1" mb="0" cb="0"/><counter type="INSTRUCTION" missed="37" covered="201"/><counter type="BRANCH" missed="7" covered="8"/><counter type="LINE" missed="12" covered="60"/><counter type="COMPLEXITY" missed="7" covered="8"/><counter type="METHOD" missed="0" covered="7"/><counter type="CLASS" missed="0" covered="1"/></sourcefile><sourcefile name="InteractiveShell.java"><line nr="9" mi="3" ci="0" mb="0" cb="0"/><line nr="11" mi="4" ci="0" mb="0" cb="0"/><line nr="14" mi="3" ci="0" mb="0" cb="0"/><line nr="15" mi="3" ci="0" mb="0" cb="0"/><line nr="17" mi="2" ci="0" mb="0" cb="0"/><line nr="18" mi="4" ci="0" mb="0" cb="0"/><line nr="19" mi="4" ci="0" mb="0" cb="0"/><line nr="20" mi="4" ci="0" mb="0" cb="0"/><line nr="21" mi="7" ci="0" mb="0" cb="0"/><line nr="23" mi="2" ci="0" mb="2" cb="0"/><line nr="24" mi="1" ci="0" mb="0" cb="0"/><line nr="25" mi="3" ci="0" mb="0" cb="0"/><line nr="26" mi="2" ci="0" mb="4" cb="0"/><line nr="28" mi="2" ci="0" mb="0" cb="0"/><line nr="29" mi="1" ci="0" mb="0" cb="0"/><line nr="32" mi="2" ci="0" mb="0" cb="0"/><line nr="33" mi="1" ci="0" mb="0" cb="0"/><line nr="36" mi="3" ci="0" mb="0" cb="0"/><line nr="37" mi="2" ci="0" mb="0" cb="0"/><line nr="38" mi="1" ci="0" mb="0" cb="0"/><line nr="40" mi="3" ci="0" mb="0" cb="0"/><line nr="42" mi="1" ci="0" mb="0" cb="0"/><line nr="43" mi="1" ci="0" mb="0" cb="0"/><line nr="46" mi="3" ci="0" mb="0" cb="0"/><line nr="47" mi="3" ci="0" mb="0" cb="0"/><line nr="48" mi="3" ci="0" mb="0" cb="0"/><line nr="49" mi="3" ci="0" mb="0" cb="0"/><line nr="50" mi="1" ci="0" mb="0" cb="0"/><counter type="INSTRUCTION" missed="72" covered="0"/><counter type="BRANCH" missed="6" covered="0"/><counter type="LINE" missed="28" covered="0"/><counter type="COMPLEXITY" missed="8" covered="0"/><counter type="METHOD" missed="4" covered="0"/><counter type="CLASS" missed="1" covered="0"/></sourcefile><sourcefile name="FareCalculatorService.java"><line nr="7" mi="0" ci="3" mb="0" cb="0"/><line nr="10" mi="0" ci="4" mb="0" cb="0"/><line nr="11" mi="0" ci="1" mb="0" cb="0"/><line nr="14" mi="0" ci="9" mb="1" cb="3"/><line nr="15" mi="0" ci="8" mb="0" cb="0"/><line nr="18" mi="0" ci="4" mb="0" cb="0"/><line nr="19" mi="0" ci="4" mb="0" cb="0"/><line nr="22" mi="0" ci="8" mb="0" cb="0"/><line nr="24" mi="0" ci="4" mb="0" cb="2"/><line nr="25" mi="0" ci="6" mb="0" cb="0"/><line nr="26" mi="0" ci="1" mb="0" cb="0"/><line nr="29" mi="0" ci="7" mb="1" cb="2"/><line nr="31" mi="0" ci="8" mb="0" cb="0"/><line nr="32" mi="0" ci="1" mb="0" cb="0"/><line nr="35" mi="0" ci="8" mb="0" cb="0"/><line nr="36" mi="0" ci="1" mb="0" cb="0"/><line nr="38" mi="5" ci="0" mb="0" cb="0"/><line nr="40" mi="0" ci="2" mb="0" cb="2"/><line nr="41" mi="0" ci="6" mb="0" cb="0"/><line nr="43" mi="0" ci="1" mb="0" cb="0"/><counter type="INSTRUCTION" missed="5" covered="86"/><counter type="BRANCH" missed="2" covered="9"/><counter type="LINE" missed="1" covered="19"/><counter type="COMPLEXITY" missed="2" covered="7"/><counter type="METHOD" missed="0" covered="3"/><counter type="CLASS" missed="0" covered="1"/></sourcefile><counter type="INSTRUCTION" missed="114" covered="287"/><counter type="BRANCH" missed="15" covered="17"/><counter type="LINE" missed="41" covered="79"/><counter type="COMPLEXITY" missed="17" covered="15"/><counter type="METHOD" missed="4" covered="10"/><counter type="CLASS" missed="1" covered="2"/></package><package name="com/parkit/parkingsystem"><class name="com/parkit/parkingsystem/App" sourcefilename="App.java"><method name="&lt;init&gt;" desc="()V" line="7"><counter type="INSTRUCTION" missed="3" covered="0"/><counter type="LINE" missed="1" covered="0"/><counter type="COMPLEXITY" missed="1" covered="0"/><counter type="METHOD" missed="1" covered="0"/></method><method name="main" desc="([Ljava/lang/String;)V" line="10"><counter type="INSTRUCTION" missed="5" covered="0"/><counter type="LINE" missed="3" covered="0"/><counter type="COMPLEXITY" missed="1" covered="0"/><counter type="METHOD" missed="1" covered="0"/></method><method name="&lt;clinit&gt;" desc="()V" line="8"><counter type="INSTRUCTION" missed="4" covered="0"/><counter type="LINE" missed="1" covered="0"/><counter type="COMPLEXITY" missed="1" covered="0"/><counter type="METHOD" missed="1" covered="0"/></method><counter type="INSTRUCTION" missed="12" covered="0"/><counter type="LINE" missed="5" covered="0"/><counter type="COMPLEXITY" missed="3" covered="0"/><counter type="METHOD" missed="3" covered="0"/><counter type="CLASS" missed="1" covered="0"/></class><sourcefile name="App.java"><line nr="7" mi="3" ci="0" mb="0" cb="0"/><line nr="8" mi="4" ci="0" mb="0" cb="0"/><line nr="10" mi="3" ci="0" mb="0" cb="0"/><line nr="11" mi="1" ci="0" mb="0" cb="0"/><line nr="12" mi="1" ci="0" mb="0" cb="0"/><counter type="INSTRUCTION" missed="12" covered="0"/><counter type="LINE" missed="5" covered="0"/><counter type="COMPLEXITY" missed="3" covered="0"/><counter type="METHOD" missed="3" covered="0"/><counter type="CLASS" missed="1" covered="0"/></sourcefile><counter type="INSTRUCTION" missed="12" covered="0"/><counter type="LINE" missed="5" covered="0"/><counter type="COMPLEXITY" missed="3" covered="0"/><counter type="METHOD" missed="3" covered="0"/><counter type="CLASS" missed="1" covered="0"/></package><package name="com/parkit/parkingsystem/model"><class name="com/parkit/parkingsystem/model/ParkingSpot" sourcefilename="ParkingSpot.java"><method name="&lt;init&gt;" desc="(ILcom/parkit/parkingsystem/constants/ParkingType;Z)V" line="10"><counter type="INSTRUCTION" missed="0" covered="12"/><counter type="LINE" missed="0" covered="5"/><counter type="COMPLEXITY" missed="0" covered="1"/><counter type="METHOD" missed="0" covered="1"/></method><method name="getId" desc="()I" line="17"><counter type="INSTRUCTION" missed="0" covered="3"/><counter type="LINE" missed="0" covered="1"/><counter type="COMPLEXITY" missed="0" covered="1"/><counter type="METHOD" missed="0" covered="1"/></method><method name="setId" desc="(I)V" line="21"><counter type="INSTRUCTION" missed="4" covered="0"/><counter type="LINE" missed="2" covered="0"/><counter type="COMPLEXITY" missed="1" covered="0"/><counter type="METHOD" missed="1" covered="0"/></method><method name="getParkingType" desc="()Lcom/parkit/parkingsystem/constants/ParkingType;" line="25"><counter type="INSTRUCTION" missed="0" covered="3"/><counter type="LINE" missed="0" covered="1"/><counter type="COMPLEXITY" missed="0" covered="1"/><counter type="METHOD" missed="0" covered="1"/></method><method name="setParkingType" desc="(Lcom/parkit/parkingsystem/constants/ParkingType;)V" line="29"><counter type="INSTRUCTION" missed="4" covered="0"/><counter type="LINE" missed="2" covered="0"/><counter type="COMPLEXITY" missed="1" covered="0"/><counter type="METHOD" missed="1" covered="0"/></method><method name="isAvailable" desc="()Z" line="33"><counter type="INSTRUCTION" missed="0" covered="3"/><counter type="LINE" missed="0" covered="1"/><counter type="COMPLEXITY" missed="0" covered="1"/><counter type="METHOD" missed="0" covered="1"/></method><method name="setAvailable" desc="(Z)V" line="37"><counter type="INSTRUCTION" missed="0" covered="4"/><counter type="LINE" missed="0" covered="2"/><counter type="COMPLEXITY" missed="0" covered="1"/><counter type="METHOD" missed="0" covered="1"/></method><counter type="INSTRUCTION" missed="8" covered="25"/><counter type="LINE" missed="4" covered="10"/><counter type="COMPLEXITY" missed="2" covered="5"/><counter type="METHOD" missed="2" covered="5"/><counter type="CLASS" missed="0" covered="1"/></class><class name="com/parkit/parkingsystem/model/Ticket" sourcefilename="Ticket.java"><method name="&lt;init&gt;" desc="()V" line="6"><counter type="INSTRUCTION" missed="0" covered="3"/><counter type="LINE" missed="0" covered="1"/><counter type="COMPLEXITY" missed="0" covered="1"/><counter type="METHOD" missed="0" covered="1"/></method><method name="getId" desc="()I" line="15"><counter type="INSTRUCTION" missed="3" covered="0"/><counter type="LINE" missed="1" covered="0"/><counter type="COMPLEXITY" missed="1" covered="0"/><counter type="METHOD" missed="1" covered="0"/></method><method name="setId" desc="(I)V" line="19"><counter type="INSTRUCTION" missed="0" covered="4"/><counter type="LINE" missed="0" covered="2"/><counter type="COMPLEXITY" missed="0" covered="1"/><counter type="METHOD" missed="0" covered="1"/></method><method name="getParkingSpot" desc="()Lcom/parkit/parkingsystem/model/ParkingSpot;" line="23"><counter type="INSTRUCTION" missed="0" covered="3"/><counter type="LINE" missed="0" covered="1"/><counter type="COMPLEXITY" missed="0" covered="1"/><counter type="METHOD" missed="0" covered="1"/></method><method name="setParkingSpot" desc="(Lcom/parkit/parkingsystem/model/ParkingSpot;)V" line="27"><counter type="INSTRUCTION" missed="0" covered="4"/><counter type="LINE" missed="0" covered="2"/><counter type="COMPLEXITY" missed="0" covered="1"/><counter type="METHOD" missed="0" covered="1"/></method><method name="getVehicleRegNumber" desc="()Ljava/lang/String;" line="31"><counter type="INSTRUCTION" missed="0" covered="3"/><counter type="LINE" missed="0" covered="1"/><counter type="COMPLEXITY" missed="0" covered="1"/><counter type="METHOD" missed="0" covered="1"/></method><method name="setVehicleRegNumber" desc="(Ljava/lang/String;)V" line="35"><counter type="INSTRUCTION" missed="0" covered="4"/><counter type="LINE" missed="0" covered="2"/><counter type="COMPLEXITY" missed="0" covered="1"/><counter type="METHOD" missed="0" covered="1"/></method><method name="getPrice" desc="()D" line="39"><counter type="INSTRUCTION" missed="0" covered="3"/><counter type="LINE" missed="0" covered="1"/><counter type="COMPLEXITY" missed="0" covered="1"/><counter type="METHOD" missed="0" covered="1"/></method><method name="setPrice" desc="(D)V" line="43"><counter type="INSTRUCTION" missed="0" covered="4"/><counter type="LINE" missed="0" covered="2"/><counter type="COMPLEXITY" missed="0" covered="1"/><counter type="METHOD" missed="0" covered="1"/></method><method name="getInTime" desc="()Ljava/util/Date;" line="47"><counter type="INSTRUCTION" missed="0" covered="3"/><counter type="LINE" missed="0" covered="1"/><counter type="COMPLEXITY" missed="0" covered="1"/><counter type="METHOD" missed="0" covered="1"/></method><method name="setInTime" desc="(Ljava/util/Date;)V" line="51"><counter type="INSTRUCTION" missed="0" covered="4"/><counter type="LINE" missed="0" covered="2"/><counter type="COMPLEXITY" missed="0" covered="1"/><counter type="METHOD" missed="0" covered="1"/></method><method name="getOutTime" desc="()Ljava/util/Date;" line="55"><counter type="INSTRUCTION" missed="0" covered="3"/><counter type="LINE" missed="0" covered="1"/><counter type="COMPLEXITY" missed="0" covered="1"/><counter type="METHOD" missed="0" covered="1"/></method><method name="setOutTime" desc="(Ljava/util/Date;)V" line="59"><counter type="INSTRUCTION" missed="0" covered="4"/><counter type="LINE" missed="0" covered="2"/><counter type="COMPLEXITY" missed="0" covered="1"/><counter type="METHOD" missed="0" covered="1"/></method><counter type="INSTRUCTION" missed="3" covered="42"/><counter type="LINE" missed="1" covered="18"/><counter type="COMPLEXITY" missed="1" covered="12"/><counter type="METHOD" missed="1" covered="12"/><counter type="CLASS" missed="0" covered="1"/></class><sourcefile name="Ticket.java"><line nr="6" mi="0" ci="3" mb="0" cb="0"/><line nr="15" mi="3" ci="0" mb="0" cb="0"/><line nr="19" mi="0" ci="3" mb="0" cb="0"/><line nr="20" mi="0" ci="1" mb="0" cb="0"/><line nr="23" mi="0" ci="3" mb="0" cb="0"/><line nr="27" mi="0" ci="3" mb="0" cb="0"/><line nr="28" mi="0" ci="1" mb="0" cb="0"/><line nr="31" mi="0" ci="3" mb="0" cb="0"/><line nr="35" mi="0" ci="3" mb="0" cb="0"/><line nr="36" mi="0" ci="1" mb="0" cb="0"/><line nr="39" mi="0" ci="3" mb="0" cb="0"/><line nr="43" mi="0" ci="3" mb="0" cb="0"/><line nr="44" mi="0" ci="1" mb="0" cb="0"/><line nr="47" mi="0" ci="3" mb="0" cb="0"/><line nr="51" mi="0" ci="3" mb="0" cb="0"/><line nr="52" mi="0" ci="1" mb="0" cb="0"/><line nr="55" mi="0" ci="3" mb="0" cb="0"/><line nr="59" mi="0" ci="3" mb="0" cb="0"/><line nr="60" mi="0" ci="1" mb="0" cb="0"/><counter type="INSTRUCTION" missed="3" covered="42"/><counter type="LINE" missed="1" covered="18"/><counter type="COMPLEXITY" missed="1" covered="12"/><counter type="METHOD" missed="1" covered="12"/><counter type="CLASS" missed="0" covered="1"/></sourcefile><sourcefile name="ParkingSpot.java"><line nr="10" mi="0" ci="2" mb="0" cb="0"/><line nr="11" mi="0" ci="3" mb="0" cb="0"/><line nr="12" mi="0" ci="3" mb="0" cb="0"/><line nr="13" mi="0" ci="3" mb="0" cb="0"/><line nr="14" mi="0" ci="1" mb="0" cb="0"/><line nr="17" mi="0" ci="3" mb="0" cb="0"/><line nr="21" mi="3" ci="0" mb="0" cb="0"/><line nr="22" mi="1" ci="0" mb="0" cb="0"/><line nr="25" mi="0" ci="3" mb="0" cb="0"/><line nr="29" mi="3" ci="0" mb="0" cb="0"/><line nr="30" mi="1" ci="0" mb="0" cb="0"/><line nr="33" mi="0" ci="3" mb="0" cb="0"/><line nr="37" mi="0" ci="3" mb="0" cb="0"/><line nr="38" mi="0" ci="1" mb="0" cb="0"/><counter type="INSTRUCTION" missed="8" covered="25"/><counter type="LINE" missed="4" covered="10"/><counter type="COMPLEXITY" missed="2" covered="5"/><counter type="METHOD" missed="2" covered="5"/><counter type="CLASS" missed="0" covered="1"/></sourcefile><counter type="INSTRUCTION" missed="11" covered="67"/><counter type="LINE" missed="5" covered="28"/><counter type="COMPLEXITY" missed="3" covered="17"/><counter type="METHOD" missed="3" covered="17"/><counter type="CLASS" missed="0" covered="2"/></package><package name="com/parkit/parkingsystem/constants"><class name="com/parkit/parkingsystem/constants/Fare" sourcefilename="Fare.java"><method name="&lt;init&gt;" desc="()V" line="3"><counter type="INSTRUCTION" missed="3" covered="0"/><counter type="LINE" missed="1" covered="0"/><counter type="COMPLEXITY" missed="1" covered="0"/><counter type="METHOD" missed="1" covered="0"/></method><counter type="INSTRUCTION" missed="3" covered="0"/><counter type="LINE" missed="1" covered="0"/><counter type="COMPLEXITY" missed="1" covered="0"/><counter type="METHOD" missed="1" covered="0"/><counter type="CLASS" missed="1" covered="0"/></class><class name="com/parkit/parkingsystem/constants/ParkingType" sourcefilename="ParkingType.java"><method name="&lt;clinit&gt;" desc="()V" line="3"><counter type="INSTRUCTION" missed="0" covered="24"/><counter type="LINE" missed="0" covered="3"/><counter type="COMPLEXITY" missed="0" covered="1"/><counter type="METHOD" missed="0" covered="1"/></method><counter type="INSTRUCTION" missed="0" covered="24"/><counter type="LINE" missed="0" covered="3"/><counter type="COMPLEXITY" missed="0" covered="1"/><counter type="METHOD" missed="0" covered="1"/><counter type="CLASS" missed="0" covered="1"/></class><class name="com/parkit/parkingsystem/constants/DBConstants" sourcefilename="DBConstants.java"><method name="&lt;init&gt;" desc="()V" line="3"><counter type="INSTRUCTION" missed="3" covered="0"/><counter type="LINE" missed="1" covered="0"/><counter type="COMPLEXITY" missed="1" covered="0"/><counter type="METHOD" missed="1" covered="0"/></method><counter type="INSTRUCTION" missed="3" covered="0"/><counter type="LINE" missed="1" covered="0"/><counter type="COMPLEXITY" missed="1" covered="0"/><counter type="METHOD" missed="1" covered="0"/><counter type="CLASS" missed="1" covered="0"/></class><sourcefile name="DBConstants.java"><line nr="3" mi="3" ci="0" mb="0" cb="0"/><counter type="INSTRUCTION" missed="3" covered="0"/><counter type="LINE" missed="1" covered="0"/><counter type="COMPLEXITY" missed="1" covered="0"/><counter type="METHOD" missed="1" covered="0"/><counter type="CLASS" missed="1" covered="0"/></sourcefile><sourcefile name="ParkingType.java"><line nr="3" mi="0" ci="12" mb="0" cb="0"/><line nr="4" mi="0" ci="6" mb="0" cb="0"/><line nr="5" mi="0" ci="6" mb="0" cb="0"/><counter type="INSTRUCTION" missed="0" covered="24"/><counter type="LINE" missed="0" covered="3"/><counter type="COMPLEXITY" missed="0" covered="1"/><counter type="METHOD" missed="0" covered="1"/><counter type="CLASS" missed="0" covered="1"/></sourcefile><sourcefile name="Fare.java"><line nr="3" mi="3" ci="0" mb="0" cb="0"/><counter type="INSTRUCTION" missed="3" covered="0"/><counter type="LINE" missed="1" covered="0"/><counter type="COMPLEXITY" missed="1" covered="0"/><counter type="METHOD" missed="1" covered="0"/><counter type="CLASS" missed="1" covered="0"/></sourcefile><counter type="INSTRUCTION" missed="6" covered="24"/><counter type="LINE" missed="2" covered="3"/><counter type="COMPLEXITY" missed="2" covered="1"/><counter type="METHOD" missed="2" covered="1"/><counter type="CLASS" missed="2" covered="1"/></package><package name="com/parkit/parkingsystem/util"><class name="com/parkit/parkingsystem/util/InputReaderUtil" sourcefilename="InputReaderUtil.java"><method name="&lt;init&gt;" desc="()V" line="8"><counter type="INSTRUCTION" missed="3" covered="0"/><counter type="LINE" missed="1" covered="0"/><counter type="COMPLEXITY" missed="1" covered="0"/><counter type="METHOD" missed="1" covered="0"/></method><method name="readSelection" desc="()I" line="15"><counter type="INSTRUCTION" missed="16" covered="0"/><counter type="LINE" missed="6" covered="0"/><counter type="COMPLEXITY" missed="1" covered="0"/><counter type="METHOD" missed="1" covered="0"/></method><method name="readVehicleRegistrationNumber" desc="()Ljava/lang/String;" line="26"><counter type="INSTRUCTION" missed="26" covered="0"/><counter type="BRANCH" missed="4" covered="0"/><counter type="LINE" missed="8" covered="0"/><counter type="COMPLEXITY" missed="3" covered="0"/><counter type="METHOD" missed="1" covered="0"/></method><method name="&lt;clinit&gt;" desc="()V" line="10"><counter type="INSTRUCTION" missed="0" covered="9"/><counter type="LINE" missed="0" covered="2"/><counter type="COMPLEXITY" missed="0" covered="1"/><counter type="METHOD" missed="0" covered="1"/></method><counter type="INSTRUCTION" missed="45" covered="9"/><counter type="BRANCH" missed="4" covered="0"/><counter type="LINE" missed="15" covered="2"/><counter type="COMPLEXITY" missed="5" covered="1"/><counter type="METHOD" missed="3" covered="1"/><counter type="CLASS" missed="0" covered="1"/></class><sourcefile name="InputReaderUtil.java"><line nr="8" mi="3" ci="0" mb="0" cb="0"/><line nr="10" mi="0" ci="5" mb="0" cb="0"/><line nr="11" mi="0" ci="4" mb="0" cb="0"/><line nr="15" mi="4" ci="0" mb="0" cb="0"/><line nr="16" mi="2" ci="0" mb="0" cb="0"/><line nr="17" mi="1" ci="0" mb="0" cb="0"/><line nr="18" mi="4" ci="0" mb="0" cb="0"/><line nr="19" mi="3" ci="0" mb="0" cb="0"/><line nr="20" mi="2" ci="0" mb="0" cb="0"/><line nr="26" mi="3" ci="0" mb="0" cb="0"/><line nr="27" mi="6" ci="0" mb="4" cb="0"/><line nr="28" mi="5" ci="0" mb="0" cb="0"/><line nr="30" mi="2" ci="0" mb="0" cb="0"/><line nr="31" mi="1" ci="0" mb="0" cb="0"/><line nr="32" mi="4" ci="0" mb="0" cb="0"/><line nr="33" mi="3" ci="0" mb="0" cb="0"/><line nr="34" mi="2" ci="0" mb="0" cb="0"/><counter type="INSTRUCTION" missed="45" covered="9"/><counter type="BRANCH" missed="4" covered="0"/><counter type="LINE" missed="15" covered="2"/><counter type="COMPLEXITY" missed="5" covered="1"/><counter type="METHOD" missed="3" covered="1"/><counter type="CLASS" missed="0" covered="1"/></sourcefile><counter type="INSTRUCTION" missed="45" covered="9"/><counter type="BRANCH" missed="4" covered="0"/><counter type="LINE" missed="15" covered="2"/><counter type="COMPLEXITY" missed="5" covered="1"/><counter type="METHOD" missed="3" covered="1"/><counter type="CLASS" missed="0" covered="1"/></package><package name="com/parkit/parkingsystem/dao"><class name="com/parkit/parkingsystem/dao/TicketDAO" sourcefilename="TicketDAO.java"><method name="&lt;init&gt;" desc="()V" line="16"><counter type="INSTRUCTION" missed="0" covered="8"/><counter type="LINE" missed="0" covered="2"/><counter type="COMPLEXITY" missed="0" covered="1"/><counter type="METHOD" missed="0" covered="1"/></method><method name="saveTicket" desc="(Lcom/parkit/parkingsystem/model/Ticket;)Z" line="23"><counter type="INSTRUCTION" missed="24" covered="52"/><counter type="BRANCH" missed="1" covered="1"/><counter type="LINE" missed="2" covered="11"/><counter type="COMPLEXITY" missed="1" covered="1"/><counter type="METHOD" missed="0" covered="1"/></method><method name="getTicket" desc="(Ljava/lang/String;)Lcom/parkit/parkingsystem/model/Ticket;" line="44"><counter type="INSTRUCTION" missed="18" covered="78"/><counter type="BRANCH" missed="1" covered="1"/><counter type="LINE" missed="2" covered="19"/><counter type="COMPLEXITY" missed="1" covered="1"/><counter type="METHOD" missed="0" covered="1"/></method><method name="updateTicket" desc="(Lcom/parkit/parkingsystem/model/Ticket;)Z" line="73"><counter type="INSTRUCTION" missed="47" covered="0"/><counter type="LINE" missed="12" covered="0"/><counter type="COMPLEXITY" missed="1" covered="0"/><counter type="METHOD" missed="1" covered="0"/></method><method name="getNbTicket" desc="(Ljava/lang/String;)I" line="91"><counter type="INSTRUCTION" missed="18" covered="40"/><counter type="BRANCH" missed="1" covered="1"/><counter type="LINE" missed="2" covered="12"/><counter type="COMPLEXITY" missed="1" covered="1"/><counter type="METHOD" missed="0" covered="1"/></method><method name="&lt;clinit&gt;" desc="()V" line="18"><counter type="INSTRUCTION" missed="0" covered="4"/><counter type="LINE" missed="0" covered="1"/><counter type="COMPLEXITY" missed="0" covered="1"/><counter type="METHOD" missed="0" covered="1"/></method><counter type="INSTRUCTION" missed="107" covered="182"/><counter type="BRANCH" missed="3" covered="3"/><counter type="LINE" missed="18" covered="45"/><counter type="COMPLEXITY" missed="4" covered="5"/><counter type="METHOD" missed="1" covered="5"/><counter type="CLASS" missed="0" covered="1"/></class><class name="com/parkit/parkingsystem/dao/ParkingSpotDAO" sourcefilename="ParkingSpotDAO.java"><method name="&lt;init&gt;" desc="()V" line="14"><counter type="INSTRUCTION" missed="0" covered="8"/><counter type="LINE" missed="0" covered="2"/><counter type="COMPLEXITY" missed="0" covered="1"/><counter type="METHOD" missed="0" covered="1"/></method><method name="getNextAvailableSlot" desc="(Lcom/parkit/parkingsystem/constants/ParkingType;)I" line="20"><counter type="INSTRUCTION" missed="5" covered="41"/><counter type="BRANCH" missed="1" covered="1"/><counter type="LINE" missed="2" covered="12"/><counter type="COMPLEXITY" missed="1" covered="1"/><counter type="METHOD" missed="0" covered="1"/></method><method name="updateParking" desc="(Lcom/parkit/parkingsystem/model/ParkingSpot;)Z" line="42"><counter type="INSTRUCTION" missed="10" covered="39"/><counter type="BRANCH" missed="1" covered="1"/><counter type="LINE" missed="3" covered="9"/><counter type="COMPLEXITY" missed="1" covered="1"/><counter type="METHOD" missed="0" covered="1"/></method><method name="&lt;clinit&gt;" desc="()V" line="15"><counter type="INSTRUCTION" missed="0" covered="4"/><counter type="LINE" missed="0" covered="1"/><counter type="COMPLEXITY" missed="0" covered="1"/><counter type="METHOD" missed="0" covered="1"/></method><counter type="INSTRUCTION" missed="15" covered="92"/><counter type="BRANCH" missed="2" covered="2"/><counter type="LINE" missed="5" covered="24"/><counter type="COMPLEXITY" missed="2" covered="4"/><counter type="METHOD" missed="0" covered="4"/><counter type="CLASS" missed="0" covered="1"/></class><sourcefile name="ParkingSpotDAO.java"><line nr="14" mi="0" ci="2" mb="0" cb="0"/><line nr="15" mi="0" ci="4" mb="0" cb="0"/><line nr="17" mi="0" ci="6" mb="0" cb="0"/><line nr="20" mi="0" ci="2" mb="0" cb="0"/><line nr="21" mi="0" ci="2" mb="0" cb="0"/><line nr="23" mi="0" ci="4" mb="0" cb="0"/><line nr="24" mi="0" ci="4" mb="0" cb="0"/><line nr="25" mi="0" ci="5" mb="0" cb="0"/><line nr="26" mi="0" ci="3" mb="0" cb="0"/><line nr="27" mi="0" ci="3" mb="1" cb="1"/><line nr="28" mi="0" ci="4" mb="0" cb="0"/><line nr="30" mi="0" ci="4" mb="0" cb="0"/><line nr="31" mi="0" ci="4" mb="0" cb="0"/><line nr="32" mi="1" ci="0" mb="0" cb="0"/><line nr="33" mi="4" ci="0" mb="0" cb="0"/><line nr="35" mi="0" ci="4" mb="0" cb="0"/><line nr="37" mi="0" ci="2" mb="0" cb="0"/><line nr="42" mi="0" ci="2" mb="0" cb="0"/><line nr="44" mi="0" ci="4" mb="0" cb="0"/><line nr="45" mi="0" ci="4" mb="0" cb="0"/><line nr="46" mi="0" ci="5" mb="0" cb="0"/><line nr="47" mi="0" ci="5" mb="0" cb="0"/><line nr="48" mi="0" ci="3" mb="0" cb="0"/><line nr="49" mi="0" ci="4" mb="0" cb="0"/><line nr="50" mi="1" ci="8" mb="1" cb="1"/><line nr="51" mi="1" ci="0" mb="0" cb="0"/><line nr="52" mi="4" ci="0" mb="0" cb="0"/><line nr="53" mi="4" ci="0" mb="0" cb="0"/><line nr="55" mi="0" ci="4" mb="0" cb="0"/><counter type="INSTRUCTION" missed="15" covered="92"/><counter type="BRANCH" missed="2" covered="2"/><counter type="LINE" missed="5" covered="24"/><counter type="COMPLEXITY" missed="2" covered="4"/><counter type="METHOD" missed="0" covered="4"/><counter type="CLASS" missed="0" covered="1"/></sourcefile><sourcefile name="TicketDAO.java"><line nr="16" mi="0" ci="2" mb="0" cb="0"/><line nr="18" mi="0" ci="4" mb="0" cb="0"/><line nr="20" mi="0" ci="6" mb="0" cb="0"/><line nr="23" mi="0" ci="2" mb="0" cb="0"/><line nr="25" mi="0" ci="4" mb="0" cb="0"/><line nr="26" mi="0" ci="4" mb="0" cb="0"/><line nr="29" mi="0" ci="6" mb="0" cb="0"/><line nr="30" mi="0" ci="5" mb="0" cb="0"/><line nr="31" mi="0" ci="5" mb="0" cb="0"/><line nr="32" mi="0" ci="9" mb="0" cb="0"/><line nr="33" mi="6" ci="8" mb="1" cb="1"/><line nr="34" mi="0" ci="3" mb="0" cb="0"/><line nr="35" mi="1" ci="0" mb="0" cb="0"/><line nr="36" mi="4" ci="0" mb="0" cb="0"/><line nr="38" mi="9" ci="4" mb="0" cb="0"/><line nr="39" mi="4" ci="2" mb="0" cb="0"/><line nr="44" mi="0" ci="2" mb="0" cb="0"/><line nr="45" mi="0" ci="2" mb="0" cb="0"/><line nr="47" mi="0" ci="4" mb="0" cb="0"/><line nr="48" mi="0" ci="4" mb="0" cb="0"/><line nr="50" mi="0" ci="4" mb="0" cb="0"/><line nr="51" mi="0" ci="3" mb="0" cb="0"/><line nr="52" mi="0" ci="3" mb="1" cb="1"/><line nr="53" mi="0" ci="4" mb="0" cb="0"/><line nr="54" mi="0" ci="12" mb="0" cb="0"/><line nr="55" mi="0" ci="3" mb="0" cb="0"/><line nr="56" mi="0" ci="5" mb="0" cb="0"/><line nr="57" mi="0" ci="3" mb="0" cb="0"/><line nr="58" mi="0" ci="5" mb="0" cb="0"/><line nr="59" mi="0" ci="5" mb="0" cb="0"/><line nr="60" mi="0" ci="5" mb="0" cb="0"/><line nr="62" mi="0" ci="4" mb="0" cb="0"/><line nr="63" mi="0" ci="4" mb="0" cb="0"/><line nr="64" mi="1" ci="0" mb="0" cb="0"/><line nr="65" mi="4" ci="0" mb="0" cb="0"/><line nr="67" mi="9" ci="4" mb="0" cb="0"/><line nr="68" mi="4" ci="2" mb="0" cb="0"/><line nr="73" mi="2" ci="0" mb="0" cb="0"/><line nr="75" mi="4" ci="0" mb="0" cb="0"/><line nr="76" mi="4" ci="0" mb="0" cb="0"/><line nr="77" mi="5" ci="0" mb="0" cb="0"/><line nr="78" mi="9" ci="0" mb="0" cb="0"/><line nr="79" mi="5" ci="0" mb="0" cb="0"/><line nr="80" mi="3" ci="0" mb="0" cb="0"/><line nr="81" mi="4" ci="0" mb="0" cb="0"/><line nr="82" mi="1" ci="0" mb="0" cb="0"/><line nr="83" mi="4" ci="0" mb="0" cb="0"/><line nr="85" mi="4" ci="0" mb="0" cb="0"/><line nr="87" mi="2" ci="0" mb="0" cb="0"/><line nr="91" mi="0" ci="2" mb="0" cb="0"/><line nr="92" mi="0" ci="2" mb="0" cb="0"/><line nr="94" mi="0" ci="4" mb="0" cb="0"/><line nr="95" mi="0" ci="4" mb="0" cb="0"/><line nr="96" mi="0" ci="4" mb="0" cb="0"/><line nr="97" mi="0" ci="3" mb="0" cb="0"/><line nr="98" mi="0" ci="3" mb="1" cb="1"/><line nr="99" mi="0" ci="4" mb="0" cb="0"/><line nr="101" mi="0" ci="4" mb="0" cb="0"/><line nr="102" mi="0" ci="4" mb="0" cb="0"/><line nr="103" mi="1" ci="0" mb="0" cb="0"/><line nr="104" mi="4" ci="0" mb="0" cb="0"/><line nr="106" mi="9" ci="4" mb="0" cb="0"/><line nr="107" mi="4" ci="2" mb="0" cb="0"/><counter type="INSTRUCTION" missed="107" covered="182"/><counter type="BRANCH" missed="3" covered="3"/><counter type="LINE" missed="18" covered="45"/><counter type="COMPLEXITY" missed="4" covered="5"/><counter type="METHOD" missed="1" covered="5"/><counter type="CLASS" missed="0" covered="1"/></sourcefile><counter type="INSTRUCTION" missed="122" covered="274"/><counter type="BRANCH" missed="5" covered="5"/><counter type="LINE" missed="23" covered="69"/><counter type="COMPLEXITY" missed="6" covered="9"/><counter type="METHOD" missed="1" covered="9"/><counter type="CLASS" missed="0" covered="2"/></package><package name="com/parkit/parkingsystem/config"><class name="com/parkit/parkingsystem/config/DataBaseConfig" sourcefilename="DataBaseConfig.java"><method name="&lt;init&gt;" desc="()V" line="8"><counter type="INSTRUCTION" missed="0" covered="3"/><counter type="LINE" missed="0" covered="1"/><counter type="COMPLEXITY" missed="0" covered="1"/><counter type="METHOD" missed="0" covered="1"/></method><method name="getConnection" desc="()Ljava/sql/Connection;" line="13"><counter type="INSTRUCTION" missed="11" covered="0"/><counter type="LINE" missed="3" covered="0"/><counter type="COMPLEXITY" missed="1" covered="0"/><counter type="METHOD" missed="1" covered="0"/></method><method name="closeConnection" desc="(Ljava/sql/Connection;)V" line="20"><counter type="INSTRUCTION" missed="14" covered="0"/><counter type="BRANCH" missed="2" covered="0"/><counter type="LINE" missed="7" covered="0"/><counter type="COMPLEXITY" missed="2" covered="0"/><counter type="METHOD" missed="1" covered="0"/></method><method name="closePreparedStatement" desc="(Ljava/sql/PreparedStatement;)V" line="31"><counter type="INSTRUCTION" missed="14" covered="0"/><counter type="BRANCH" missed="2" covered="0"/><counter type="LINE" missed="7" covered="0"/><counter type="COMPLEXITY" missed="2" covered="0"/><counter type="METHOD" missed="1" covered="0"/></method><method name="closeResultSet" desc="(Ljava/sql/ResultSet;)V" line="42"><counter type="INSTRUCTION" missed="14" covered="0"/><counter type="BRANCH" missed="2" covered="0"/><counter type="LINE" missed="7" covered="0"/><counter type="COMPLEXITY" missed="2" covered="0"/><counter type="METHOD" missed="1" covered="0"/></method><method name="&lt;clinit&gt;" desc="()V" line="10"><counter type="INSTRUCTION" missed="0" covered="4"/><counter type="LINE" missed="0" covered="1"/><counter type="COMPLEXITY" missed="0" covered="1"/><counter type="METHOD" missed="0" covered="1"/></method><counter type="INSTRUCTION" missed="53" covered="7"/><counter type="BRANCH" missed="6" covered="0"/><counter type="LINE" missed="24" covered="2"/><counter type="COMPLEXITY" missed="7" covered="2"/><counter type="METHOD" missed="4" covered="2"/><counter type="CLASS" missed="0" covered="1"/></class><sourcefile name="DataBaseConfig.java"><line nr="8" mi="0" ci="3" mb="0" cb="0"/><line nr="10" mi="0" ci="4" mb="0" cb="0"/><line nr="13" mi="3" ci="0" mb="0" cb="0"/><line nr="14" mi="3" ci="0" mb="0" cb="0"/><line nr="15" mi="5" ci="0" mb="0" cb="0"/><line nr="20" mi="2" ci="0" mb="2" cb="0"/><line nr="22" mi="2" ci="0" mb="0" cb="0"/><line nr="23" mi="3" ci="0" mb="0" cb="0"/><line nr="24" mi="1" ci="0" mb="0" cb="0"/><line nr="25" mi="4" ci="0" mb="0" cb="0"/><line nr="26" mi="1" ci="0" mb="0" cb="0"/><line nr="28" mi="1" ci="0" mb="0" cb="0"/><line nr="31" mi="2" ci="0" mb="2" cb="0"/><line nr="33" mi="2" ci="0" mb="0" cb="0"/><line nr="34" mi="3" ci="0" mb="0" cb="0"/><line nr="35" mi="1" ci="0" mb="0" cb="0"/><line nr="36" mi="4" ci="0" mb="0" cb="0"/><line nr="37" mi="1" ci="0" mb="0" cb="0"/><line nr="39" mi="1" ci="0" mb="0" cb="0"/><line nr="42" mi="2" ci="0" mb="2" cb="0"/><line nr="44" mi="2" ci="0" mb="0" cb="0"/><line nr="45" mi="3" ci="0" mb="0" cb="0"/><line nr="46" mi="1" ci="0" mb="0" cb="0"/><line nr="47" mi="4" ci="0" mb="0" cb="0"/><line nr="48" mi="1" ci="0" mb="0" cb="0"/><line nr="50" mi="1" ci="0" mb="0" cb="0"/><counter type="INSTRUCTION" missed="53" covered="7"/><counter type="BRANCH" missed="6" covered="0"/><counter type="LINE" missed="24" covered="2"/><counter type="COMPLEXITY" missed="7" covered="2"/><counter type="METHOD" missed="4" covered="2"/><counter type="CLASS" missed="0" covered="1"/></sourcefile><counter type="INSTRUCTION" missed="53" covered="7"/><counter type="BRANCH" missed="6" covered="0"/><counter type="LINE" missed="24" covered="2"/><counter type="COMPLEXITY" missed="7" covered="2"/><counter type="METHOD" missed="4" covered="2"/><counter type="CLASS" missed="0" covered="1"/></package><counter type="INSTRUCTION" missed="363" covered="668"/><counter type="BRANCH" missed="30" covered="22"/><counter type="LINE" missed="115" covered="183"/><counter type="COMPLEXITY" missed="43" covered="45"/><counter type="METHOD" missed="20" covered="40"/><counter type="CLASS" missed="4" covered="9"/></report>